#! /usr/local/Cellar/icarus-verilog/11.0/bin/vvp
:ivl_version "11.0 (stable)";
:ivl_delay_selection "TYPICAL";
:vpi_time_precision + 0;
:vpi_module "/usr/local/Cellar/icarus-verilog/11.0/lib/ivl/system.vpi";
:vpi_module "/usr/local/Cellar/icarus-verilog/11.0/lib/ivl/vhdl_sys.vpi";
:vpi_module "/usr/local/Cellar/icarus-verilog/11.0/lib/ivl/vhdl_textio.vpi";
:vpi_module "/usr/local/Cellar/icarus-verilog/11.0/lib/ivl/v2005_math.vpi";
:vpi_module "/usr/local/Cellar/icarus-verilog/11.0/lib/ivl/va_math.vpi";
S_0x7f9dcb1043b0 .scope module, "test" "test" 2 2;
 .timescale 0 0;
v0x600003d94000_0 .var/i "a", 31 0;
v0x600003d94090_0 .var/i "b", 31 0;
    .scope S_0x7f9dcb1043b0;
T_0 ;
    %pushi/vec4 0, 0, 32;
    %store/vec4 v0x600003d94000_0, 0, 32;
    %pushi/vec4 0, 0, 32;
    %store/vec4 v0x600003d94090_0, 0, 32;
    %pushi/vec4 2, 0, 32;
    %assign/vec4 v0x600003d94000_0, 0;
    %load/vec4 v0x600003d94000_0;
    %assign/vec4 v0x600003d94090_0, 0;
    %delay 1, 0;
    %vpi_call 2 11 "$display", "a = %d, b = %d", v0x600003d94000_0, v0x600003d94090_0 {0 0 0};
    %end;
    .thread T_0;
# The file index is used to find the file name in the following table.
:file_names 3;
    "N/A";
    "<interactive>";
    "test.v";
